
  0%|          | 0/50 [00:00<?, ?trial/s, best loss=?]
  6%|▌         | 3/50 [00:00<00:01, 29.50trial/s, best loss: -2173.5]
 12%|█▏        | 6/50 [00:00<00:01, 29.19trial/s, best loss: -2294.5]
 18%|█▊        | 9/50 [00:00<00:01, 21.49trial/s, best loss: -2294.5]
 24%|██▍       | 12/50 [00:00<00:01, 20.70trial/s, best loss: -2294.5]
 30%|███       | 15/50 [00:00<00:01, 20.48trial/s, best loss: -2294.5]
 36%|███▌      | 18/50 [00:00<00:01, 20.70trial/s, best loss: -2294.5]
 42%|████▏     | 21/50 [00:00<00:01, 22.05trial/s, best loss: -2294.5]
 48%|████▊     | 24/50 [00:01<00:01, 23.91trial/s, best loss: -2294.5]
 54%|█████▍    | 27/50 [00:01<00:00, 24.35trial/s, best loss: -2294.5]
 60%|██████    | 30/50 [00:01<00:00, 23.38trial/s, best loss: -2294.5]
 66%|██████▌   | 33/50 [00:01<00:00, 24.36trial/s, best loss: -2294.5]
 72%|███████▏  | 36/50 [00:01<00:00, 25.14trial/s, best loss: -2294.5]
 78%|███████▊  | 39/50 [00:01<00:00, 25.87trial/s, best loss: -2294.5]
 84%|████████▍ | 42/50 [00:01<00:00, 26.44trial/s, best loss: -2375.0]
 90%|█████████ | 45/50 [00:01<00:00, 26.75trial/s, best loss: -2375.0]
 96%|█████████▌| 48/50 [00:01<00:00, 26.98trial/s, best loss: -2375.0]
100%|██████████| 50/50 [00:02<00:00, 24.57trial/s, best loss: -2375.0]

HPO Hyperopt Best Params: {'Far': 0.75, 'Halves': 12, 'Max': 512, 'bins': 9, 'conf': 0.65, 'min': 0.9, 'p': 1.0, 'rest': 9}


                           Lbs-    Acc+    Mpg+    Evals    Rank
----------------------  -------  ------  ------  -------  ------
all                        2800      16      20        0      50
sway1                   2087.95   16.55    33.5        6      18
sway2 (hpo)             2349.55   15.95      29        8      31
sway3 (kmeans)             2290      16      30        5      28
xpln1                   2138.45   16.35      30        6      24
xpln2 (hpo & dtree)      2304.5    15.9      29        8      31
xpln3 (kmeans & dtree)   2262.4      16      30        5      28
top                        1985      19      40      398       2

                Lbs-    Acc+    Mpg+
--------------  ------  ------  ------
all to all      =       =       =
all to sway1    ≠       ≠       ≠
all to sway2    ≠       ≠       ≠
sway1 to sway2  ≠       ≠       ≠
sway1 to xpln1  ≠       ≠       ≠
sway2 to xpln2  ≠       ≠       ≠
sway3 to xpln3  ≠       =       ≠
sway1 to top    ≠       ≠       ≠
xpln1 to top    ≠       ≠       ≠


Kruskal-Wallis Statistical Evaluation on the above Algos
KW significance level:  0.05
            Lbs-       Acc+       Mpg+
----------  ---------  ---------  ---------
Best Sways  ['sway1']  ['sway1']  ['sway1']
Best Xplns  ['xpln1']  ['xpln1']  ['xpln1']


ScottKnott Ranking
sway3 1  *                  |                    [' 16.00', ' 16.00', ' 16.00', ' 16.00', ' 30.00']
sway1 1  *                  |                    [' 11.40', ' 11.40', ' 16.55', ' 16.55', ' 33.50']
xpln1 1  *                  |                    [' 16.35', ' 16.35', ' 30.00', ' 30.00', ' 66.55']
xpln3 1  *                  |                    [' 16.00', ' 16.00', ' 30.00', ' 30.00', ' 72.50']
xpln2 1  *-                 |                    [' 15.90', ' 15.90', ' 29.00', ' 29.00', '162.95']
sway2 1  *--                |                    [' 15.95', ' 15.95', ' 29.00', ' 29.00', '199.00']
