
  0%|          | 0/50 [00:00<?, ?trial/s, best loss=?]
  6%|▌         | 3/50 [00:00<00:02, 20.83trial/s, best loss: -3002.5]
 12%|█▏        | 6/50 [00:00<00:02, 17.51trial/s, best loss: -3002.5]
 16%|█▌        | 8/50 [00:00<00:02, 16.22trial/s, best loss: -3002.5]
 20%|██        | 10/50 [00:00<00:02, 14.21trial/s, best loss: -3002.5]
 24%|██▍       | 12/50 [00:00<00:02, 14.08trial/s, best loss: -3002.5]
 28%|██▊       | 14/50 [00:00<00:02, 14.60trial/s, best loss: -3002.5]
 32%|███▏      | 16/50 [00:01<00:02, 14.56trial/s, best loss: -3002.5]
 36%|███▌      | 18/50 [00:01<00:02, 14.33trial/s, best loss: -3002.5]
 40%|████      | 20/50 [00:01<00:02, 14.06trial/s, best loss: -3002.5]
 44%|████▍     | 22/50 [00:01<00:02, 13.71trial/s, best loss: -3002.5]
 48%|████▊     | 24/50 [00:01<00:01, 13.50trial/s, best loss: -3443.7]
 52%|█████▏    | 26/50 [00:01<00:01, 13.52trial/s, best loss: -3443.7]
 56%|█████▌    | 28/50 [00:01<00:01, 13.68trial/s, best loss: -3443.7]
 60%|██████    | 30/50 [00:02<00:01, 13.43trial/s, best loss: -3443.7]
 66%|██████▌   | 33/50 [00:02<00:01, 15.45trial/s, best loss: -3443.7]
 72%|███████▏  | 36/50 [00:02<00:00, 16.88trial/s, best loss: -3443.7]
 76%|███████▌  | 38/50 [00:02<00:00, 15.11trial/s, best loss: -3443.7]
 80%|████████  | 40/50 [00:02<00:00, 14.86trial/s, best loss: -3443.7]
 84%|████████▍ | 42/50 [00:02<00:00, 14.28trial/s, best loss: -3443.7]
 88%|████████▊ | 44/50 [00:03<00:00, 13.53trial/s, best loss: -3443.7]
 92%|█████████▏| 46/50 [00:03<00:00, 13.09trial/s, best loss: -3443.7]
 96%|█████████▌| 48/50 [00:03<00:00, 12.47trial/s, best loss: -3443.7]
100%|██████████| 50/50 [00:03<00:00, 11.22trial/s, best loss: -3443.7]
100%|██████████| 50/50 [00:03<00:00, 13.88trial/s, best loss: -3443.7]

HPO Hyperopt Best Params: {'Far': 0.75, 'Halves': 512, 'Max': 1012, 'bins': 5, 'conf': 0.65, 'min': 0.55, 'p': 5.5, 'rest': 4}


                          CityMPG+    HighwayMPG+    Weight-    Class-    Evals    Rank
----------------------  ----------  -------------  ---------  --------  -------  ------
all                             21             28       3040        18        0      48
sway1                        29.95             34    2201.75      9.15        5       9
sway2 (hpo)                  28.55          33.75     2305.5      9.25        9      12
sway3 (kmeans)                  31             37       2055         9        3       6
xpln1                        28.35          32.75    2366.25     10.15        5      14
xpln2 (hpo & dtree)           27.4           32.4    2418.25     10.95        9      17
xpln3 (kmeans & dtree)        30.3          34.35    2226.75      9.25        3      14
top                           33.2           38.5       2048         9       93       2

                CityMPG+    HighwayMPG+    Weight-    Class-
--------------  ----------  -------------  ---------  --------
all to all      =           =              =          =
all to sway1    ≠           ≠              ≠          ≠
all to sway2    ≠           ≠              ≠          ≠
sway1 to sway2  ≠           ≠              ≠          ≠
sway1 to xpln1  ≠           ≠              ≠          ≠
sway2 to xpln2  ≠           ≠              ≠          ≠
sway3 to xpln3  ≠           ≠              ≠          ≠
sway1 to top    ≠           ≠              ≠          ≠
xpln1 to top    ≠           ≠              ≠          ≠


Kruskal-Wallis Statistical Evaluation on the above Algos
KW significance level:  0.05
            CityMPG+    HighwayMPG+    Weight-    Class-
----------  ----------  -------------  ---------  ---------
Best Sways  ['sway3']   ['sway3']      ['sway3']  ['sway3']
Best Xplns  ['xpln3']   ['xpln3']      ['xpln3']  ['xpln3']


ScottKnott Ranking
xpln2 2     *               |                    [' 10.95', ' 10.95', ' 19.95', ' 27.40', ' 32.40']
xpln1 2    *                |                    [' 10.15', ' 10.15', ' 19.35', ' 28.35', ' 32.75']
sway2 1  *                  |                    ['  9.25', '  9.25', ' 10.70', ' 28.55', ' 33.75']
sway1 3           *         |                    ['  5.45', '  5.45', '  9.15', ' 29.95', ' 34.00']
xpln3 1  *                  |                    ['  9.25', '  9.25', ' 11.60', ' 30.30', ' 34.35']
sway3 1  *                  |                    ['  9.00', '  9.00', '  9.00', ' 31.00', ' 37.00']
