
  0%|          | 0/50 [00:00<?, ?trial/s, best loss=?]
  4%|▍         | 2/50 [00:00<00:03, 15.02trial/s, best loss: -440.0]
  8%|▊         | 4/50 [00:00<00:03, 14.81trial/s, best loss: -440.0]
 12%|█▏        | 6/50 [00:00<00:03, 14.48trial/s, best loss: -640.0]
 16%|█▌        | 8/50 [00:00<00:03, 13.80trial/s, best loss: -640.0]
 20%|██        | 10/50 [00:00<00:02, 14.04trial/s, best loss: -640.0]
 24%|██▍       | 12/50 [00:00<00:02, 14.06trial/s, best loss: -640.0]
 28%|██▊       | 14/50 [00:00<00:02, 14.00trial/s, best loss: -640.0]
 32%|███▏      | 16/50 [00:01<00:02, 14.33trial/s, best loss: -640.0]
 36%|███▌      | 18/50 [00:01<00:02, 14.44trial/s, best loss: -640.0]
 40%|████      | 20/50 [00:01<00:02, 14.37trial/s, best loss: -640.0]
 44%|████▍     | 22/50 [00:01<00:01, 14.50trial/s, best loss: -640.0]
 48%|████▊     | 24/50 [00:01<00:01, 14.49trial/s, best loss: -640.0]
 52%|█████▏    | 26/50 [00:01<00:01, 14.56trial/s, best loss: -640.0]
 56%|█████▌    | 28/50 [00:01<00:01, 14.45trial/s, best loss: -640.0]
 60%|██████    | 30/50 [00:02<00:01, 13.92trial/s, best loss: -640.0]
 64%|██████▍   | 32/50 [00:02<00:01, 13.70trial/s, best loss: -640.0]
 68%|██████▊   | 34/50 [00:02<00:01, 13.37trial/s, best loss: -640.0]
 72%|███████▏  | 36/50 [00:02<00:01, 13.22trial/s, best loss: -640.0]
 76%|███████▌  | 38/50 [00:02<00:00, 13.38trial/s, best loss: -640.0]
 80%|████████  | 40/50 [00:02<00:00, 13.33trial/s, best loss: -640.0]
 84%|████████▍ | 42/50 [00:03<00:00, 13.40trial/s, best loss: -640.0]
 88%|████████▊ | 44/50 [00:03<00:00, 13.92trial/s, best loss: -640.0]
 92%|█████████▏| 46/50 [00:03<00:00, 14.39trial/s, best loss: -1504.0]
 96%|█████████▌| 48/50 [00:03<00:00, 13.96trial/s, best loss: -1504.0]
100%|██████████| 50/50 [00:03<00:00, 14.25trial/s, best loss: -1504.0]
100%|██████████| 50/50 [00:03<00:00, 14.05trial/s, best loss: -1504.0]

HPO Hyperopt Best Params: {'Far': 0.9, 'Halves': 2012, 'Max': 12, 'bins': 7, 'conf': 0.95, 'min': 0.95, 'p': 3.0, 'rest': 3}


                          N_effort-    Evals    Rank
----------------------  -----------  -------  ------
all                            2098        0      50
sway1                        417.85        6      13
sway2 (hpo)                  1843.9        8      46
sway3 (kmeans)                  145        7       3
xpln1                        906.35        6      29
xpln2 (hpo & dtree)         1825.75        8      46
xpln3 (kmeans & dtree)       289.95        7      11
top                             148      499       2

                N_effort-
--------------  -----------
all to all      =
all to sway1    ≠
all to sway2    ≠
sway1 to sway2  ≠
sway1 to xpln1  ≠
sway2 to xpln2  ≠
sway3 to xpln3  ≠
sway1 to top    ≠
xpln1 to top    ≠


Kruskal-Wallis Statistical Evaluation on the above Algos
KW significance level:  0.05
            N_effort-
----------  -----------
Best Sways  ['sway3']
Best Xplns  ['xpln3']


ScottKnott Ranking
sway3 1  *                  |                    [' 16.00', ' 16.00', ' 16.00', ' 16.00', ' 16.00']
xpln3 1  *                  |                    [' 47.10', ' 47.10', ' 47.10', ' 47.10', ' 47.10']
sway1 1  *                  |                    [' 15.15', ' 15.15', ' 15.15', ' 15.15', ' 15.15']
xpln1 2    *                |                    ['197.95', '197.95', '197.95', '197.95', '197.95']
sway2 3      *              |                    ['249.20', '249.20', '249.20', '249.20', '249.20']
xpln2 3         *           |                    ['422.65', '422.65', '422.65', '422.65', '422.65']
