
  0%|          | 0/50 [00:00<?, ?trial/s, best loss=?]
  2%|▏         | 1/50 [00:01<01:35,  1.95s/trial, best loss: -16318.0]
  4%|▍         | 2/50 [00:04<01:41,  2.12s/trial, best loss: -16318.0]
  6%|▌         | 3/50 [00:06<01:45,  2.25s/trial, best loss: -16318.0]
  8%|▊         | 4/50 [00:08<01:34,  2.06s/trial, best loss: -29325.0]
 10%|█         | 5/50 [00:10<01:37,  2.16s/trial, best loss: -29325.0]
 12%|█▏        | 6/50 [00:13<01:39,  2.27s/trial, best loss: -29325.0]
 14%|█▍        | 7/50 [00:16<01:46,  2.48s/trial, best loss: -29325.0]
 16%|█▌        | 8/50 [00:18<01:44,  2.50s/trial, best loss: -29325.0]
 18%|█▊        | 9/50 [00:20<01:39,  2.42s/trial, best loss: -29325.0]
 20%|██        | 10/50 [00:22<01:30,  2.26s/trial, best loss: -29325.0]
 22%|██▏       | 11/50 [00:24<01:21,  2.10s/trial, best loss: -29325.0]
 24%|██▍       | 12/50 [00:26<01:14,  1.97s/trial, best loss: -29325.0]
 26%|██▌       | 13/50 [00:27<01:09,  1.89s/trial, best loss: -35090.0]
 28%|██▊       | 14/50 [00:29<01:06,  1.84s/trial, best loss: -35090.0]
 30%|███       | 15/50 [00:31<01:03,  1.80s/trial, best loss: -35090.0]
 32%|███▏      | 16/50 [00:33<01:09,  2.04s/trial, best loss: -35090.0]
 34%|███▍      | 17/50 [00:36<01:08,  2.06s/trial, best loss: -35090.0]
 36%|███▌      | 18/50 [00:38<01:06,  2.09s/trial, best loss: -35090.0]
 38%|███▊      | 19/50 [00:40<01:07,  2.17s/trial, best loss: -35090.0]
 40%|████      | 20/50 [00:42<01:02,  2.07s/trial, best loss: -35090.0]
 42%|████▏     | 21/50 [00:44<00:56,  1.95s/trial, best loss: -35090.0]
 44%|████▍     | 22/50 [00:46<00:58,  2.08s/trial, best loss: -35090.0]
 46%|████▌     | 23/50 [00:49<01:02,  2.30s/trial, best loss: -35090.0]
 48%|████▊     | 24/50 [00:52<01:05,  2.52s/trial, best loss: -35090.0]
 50%|█████     | 25/50 [00:55<01:07,  2.71s/trial, best loss: -35090.0]
 52%|█████▏    | 26/50 [00:58<01:04,  2.68s/trial, best loss: -35090.0]
 54%|█████▍    | 27/50 [01:00<01:01,  2.66s/trial, best loss: -35090.0]
 56%|█████▌    | 28/50 [01:02<00:56,  2.55s/trial, best loss: -35090.0]
 58%|█████▊    | 29/50 [01:05<00:52,  2.52s/trial, best loss: -35090.0]
 60%|██████    | 30/50 [01:07<00:45,  2.26s/trial, best loss: -35090.0]
 62%|██████▏   | 31/50 [01:09<00:46,  2.43s/trial, best loss: -35090.0]
 64%|██████▍   | 32/50 [01:13<00:50,  2.81s/trial, best loss: -35090.0]
 66%|██████▌   | 33/50 [01:16<00:50,  2.97s/trial, best loss: -35090.0]
 68%|██████▊   | 34/50 [01:19<00:46,  2.92s/trial, best loss: -35090.0]
 70%|███████   | 35/50 [01:23<00:45,  3.05s/trial, best loss: -35090.0]
 72%|███████▏  | 36/50 [01:25<00:40,  2.88s/trial, best loss: -35090.0]
 74%|███████▍  | 37/50 [01:29<00:39,  3.05s/trial, best loss: -35090.0]
 76%|███████▌  | 38/50 [01:32<00:38,  3.17s/trial, best loss: -35090.0]
 78%|███████▊  | 39/50 [01:36<00:37,  3.39s/trial, best loss: -35090.0]
 80%|████████  | 40/50 [01:39<00:31,  3.20s/trial, best loss: -35090.0]
 82%|████████▏ | 41/50 [01:41<00:26,  2.96s/trial, best loss: -35090.0]
 84%|████████▍ | 42/50 [01:44<00:22,  2.86s/trial, best loss: -35090.0]
 86%|████████▌ | 43/50 [01:46<00:18,  2.70s/trial, best loss: -35090.0]
 88%|████████▊ | 44/50 [01:49<00:17,  2.88s/trial, best loss: -35090.0]
 90%|█████████ | 45/50 [01:53<00:15,  3.07s/trial, best loss: -35090.0]
 92%|█████████▏| 46/50 [01:56<00:12,  3.07s/trial, best loss: -35090.0]
 94%|█████████▍| 47/50 [01:58<00:08,  2.75s/trial, best loss: -35090.0]
 96%|█████████▌| 48/50 [02:01<00:05,  2.81s/trial, best loss: -35090.0]
 98%|█████████▊| 49/50 [02:05<00:03,  3.08s/trial, best loss: -35090.0]
100%|██████████| 50/50 [02:08<00:00,  3.31s/trial, best loss: -35090.0]
100%|██████████| 50/50 [02:08<00:00,  2.58s/trial, best loss: -35090.0]

HPO Hyperopt Best Params: {'Far': 0.65, 'Halves': 1512, 'Max': 1512, 'bins': 12, 'conf': 0.85, 'min': 0.6, 'p': 1.5, 'rest': 6}


                           Loc+    Risk-    Effort-    Evals    Rank
----------------------  -------  -------  ---------  -------  ------
all                        1066        5      19403        0      50
sway1                   1000.95     4.15    17137.8        8      45
sway2 (hpo)             1013.85     4.05      18892       15      47
sway3 (kmeans)             1616       12     146753        5     107
xpln1                    1020.8     4.75    18974.1        8      49
xpln2 (hpo & dtree)     1007.55      4.7    19434.8       15      48
xpln3 (kmeans & dtree)  1031.95      7.1    29090.1        5      55
top                      1949.4        0    17737.8    10000       1

                Loc+    Risk-    Effort-
--------------  ------  -------  ---------
all to all      =       =        =
all to sway1    ≠       ≠        ≠
all to sway2    ≠       ≠        ≠
sway1 to sway2  ≠       ≠        ≠
sway1 to xpln1  ≠       ≠        ≠
sway2 to xpln2  ≠       ≠        ≠
sway3 to xpln3  ≠       ≠        ≠
sway1 to top    ≠       ≠        ≠
xpln1 to top    ≠       ≠        ≠


Kruskal-Wallis Statistical Evaluation on the above Algos
KW significance level:  0.05
            Loc+       Risk-      Effort-
----------  ---------  ---------  ---------
Best Sways  ['sway3']  ['sway2']  ['sway1']
Best Xplns  ['xpln3']  ['xpln2']  ['xpln1']


ScottKnott Ranking
sway1 1  *                  |                    ['  4.15', '  4.15', ' 77.30', ' 77.30', '1000.95']
sway2 1  *                  |                    ['  4.05', '  4.05', '155.35', '155.35', '1013.85']
sway3 1  *                  |                    [' 12.00', ' 12.00', ' 69.00', ' 69.00', '1616.00']
xpln3 1  *                  |                    ['  7.10', '  7.10', '1031.95', '1031.95', '1819.20']
xpln1 1  *                  |                    ['  4.75', '  4.75', '1020.80', '1020.80', '4885.50']
xpln2 1  *                  |                    ['  4.70', '  4.70', '1007.55', '1007.55', '5890.25']
