
  0%|          | 0/50 [00:00<?, ?trial/s, best loss=?]
  2%|▏         | 1/50 [00:00<00:06,  7.03trial/s, best loss: 0.0]
  4%|▍         | 2/50 [00:00<00:06,  6.91trial/s, best loss: 0.0]
  6%|▌         | 3/50 [00:00<00:06,  6.91trial/s, best loss: 0.0]
  8%|▊         | 4/50 [00:00<00:06,  6.84trial/s, best loss: 0.0]
 10%|█         | 5/50 [00:00<00:06,  6.75trial/s, best loss: 0.0]
 12%|█▏        | 6/50 [00:00<00:06,  6.52trial/s, best loss: -24277.0]
 14%|█▍        | 7/50 [00:01<00:06,  6.45trial/s, best loss: -24277.0]
 16%|█▌        | 8/50 [00:01<00:06,  6.43trial/s, best loss: -24277.0]
 18%|█▊        | 9/50 [00:01<00:06,  6.49trial/s, best loss: -24277.0]
 20%|██        | 10/50 [00:01<00:05,  6.72trial/s, best loss: -24277.0]
 22%|██▏       | 11/50 [00:01<00:05,  7.17trial/s, best loss: -24277.0]
 24%|██▍       | 12/50 [00:01<00:05,  7.56trial/s, best loss: -24277.0]
 26%|██▌       | 13/50 [00:01<00:04,  7.84trial/s, best loss: -24277.0]
 28%|██▊       | 14/50 [00:01<00:04,  7.85trial/s, best loss: -36285.0]
 30%|███       | 15/50 [00:02<00:04,  7.87trial/s, best loss: -36285.0]
 32%|███▏      | 16/50 [00:02<00:04,  7.77trial/s, best loss: -36285.0]
 34%|███▍      | 17/50 [00:02<00:04,  7.43trial/s, best loss: -36285.0]
 36%|███▌      | 18/50 [00:02<00:04,  7.26trial/s, best loss: -36285.0]
 38%|███▊      | 19/50 [00:02<00:04,  7.17trial/s, best loss: -36285.0]
 40%|████      | 20/50 [00:02<00:04,  7.11trial/s, best loss: -36285.0]
 42%|████▏     | 21/50 [00:02<00:04,  7.05trial/s, best loss: -36285.0]
 44%|████▍     | 22/50 [00:03<00:03,  7.01trial/s, best loss: -36285.0]
 46%|████▌     | 23/50 [00:03<00:03,  6.97trial/s, best loss: -36285.0]
 48%|████▊     | 24/50 [00:03<00:03,  6.88trial/s, best loss: -36285.0]
 50%|█████     | 25/50 [00:03<00:03,  7.05trial/s, best loss: -36285.0]
 52%|█████▏    | 26/50 [00:03<00:03,  6.94trial/s, best loss: -36285.0]
 54%|█████▍    | 27/50 [00:03<00:03,  6.89trial/s, best loss: -36285.0]
 56%|█████▌    | 28/50 [00:03<00:03,  6.85trial/s, best loss: -36285.0]
 58%|█████▊    | 29/50 [00:04<00:03,  6.80trial/s, best loss: -36285.0]
 60%|██████    | 30/50 [00:04<00:02,  6.85trial/s, best loss: -36285.0]
 62%|██████▏   | 31/50 [00:04<00:02,  6.88trial/s, best loss: -36285.0]
 64%|██████▍   | 32/50 [00:04<00:02,  6.61trial/s, best loss: -36285.0]
 66%|██████▌   | 33/50 [00:04<00:02,  6.60trial/s, best loss: -36285.0]
 68%|██████▊   | 34/50 [00:04<00:02,  6.71trial/s, best loss: -36285.0]
 70%|███████   | 35/50 [00:05<00:02,  6.63trial/s, best loss: -36285.0]
 72%|███████▏  | 36/50 [00:05<00:02,  6.60trial/s, best loss: -36285.0]
 74%|███████▍  | 37/50 [00:05<00:01,  6.57trial/s, best loss: -36285.0]
 76%|███████▌  | 38/50 [00:05<00:01,  6.45trial/s, best loss: -36285.0]
 78%|███████▊  | 39/50 [00:05<00:01,  6.42trial/s, best loss: -36285.0]
 80%|████████  | 40/50 [00:05<00:01,  6.36trial/s, best loss: -36285.0]
 82%|████████▏ | 41/50 [00:05<00:01,  6.30trial/s, best loss: -36285.0]
 84%|████████▍ | 42/50 [00:06<00:01,  6.39trial/s, best loss: -36285.0]
 86%|████████▌ | 43/50 [00:06<00:01,  6.35trial/s, best loss: -36285.0]
 88%|████████▊ | 44/50 [00:06<00:00,  6.53trial/s, best loss: -36285.0]
 90%|█████████ | 45/50 [00:06<00:00,  6.65trial/s, best loss: -36285.0]
 92%|█████████▏| 46/50 [00:06<00:00,  6.55trial/s, best loss: -36285.0]
 94%|█████████▍| 47/50 [00:06<00:00,  6.37trial/s, best loss: -36285.0]
 96%|█████████▌| 48/50 [00:07<00:00,  6.68trial/s, best loss: -36285.0]
 98%|█████████▊| 49/50 [00:07<00:00,  6.81trial/s, best loss: -36285.0]
100%|██████████| 50/50 [00:07<00:00,  6.85trial/s, best loss: -36285.0]
100%|██████████| 50/50 [00:07<00:00,  6.83trial/s, best loss: -36285.0]

HPO Hyperopt Best Params: {'Far': 0.5, 'Halves': 12, 'Max': 1012, 'bins': 11, 'conf': 0.7, 'min': 0.55, 'p': 9.0, 'rest': 6}


                           LOC+    AEXP-    PLEX-    RISK-    EFFORT-    Evals    Rank
----------------------  -------  -------  -------  -------  ---------  -------  ------
all                        1027        3        3        5      19337        0      50
sway1                    990.45        3        3     4.55    17727.5        6      49
sway2 (hpo)              1038.6      2.8      2.8      3.8    18955.5       12      45
sway3 (kmeans)             1559        2        3       11      86806        4      44
xpln1                   1048.85        3        3      4.8    19254.1        6      49
xpln2 (hpo & dtree)     1055.65        3        3     4.85    18567.2       12      49
xpln3 (kmeans & dtree)  1114.75        3        3      7.1    29913.4        4      52
top                     1539.95        2        1     3.05    30031.5     1000       1

                LOC+    AEXP-    PLEX-    RISK-    EFFORT-
--------------  ------  -------  -------  -------  ---------
all to all      =       =        =        =        =
all to sway1    ≠       ≠        ≠        ≠        ≠
all to sway2    ≠       ≠        ≠        ≠        ≠
sway1 to sway2  ≠       ≠        ≠        ≠        ≠
sway1 to xpln1  ≠       ≠        ≠        ≠        ≠
sway2 to xpln2  ≠       ≠        ≠        ≠        ≠
sway3 to xpln3  ≠       ≠        ≠        ≠        ≠
sway1 to top    ≠       ≠        ≠        ≠        ≠
xpln1 to top    ≠       ≠        ≠        ≠        ≠


Kruskal-Wallis Statistical Evaluation on the above Algos
KW significance level:  0.05
            LOC+       AEXP-      PLEX-      RISK-      EFFORT-
----------  ---------  ---------  ---------  ---------  ---------
Best Sways  ['sway3']  ['sway3']  ['sway2']  ['sway2']  ['sway1']
Best Xplns  ['xpln3']  ['xpln1']  ['xpln1']  ['xpln1']  ['xpln2']


ScottKnott Ranking
sway1 1  *                  |                    ['  3.00', '  3.00', '  4.55', ' 28.80', '990.45']
sway2 1  *                  |                    ['  2.80', '  2.80', '  3.80', ' 30.40', '1038.60']
sway3 1  *                  |                    ['  2.00', '  2.00', ' 11.00', ' 25.00', '1559.00']
xpln3 1  *                  |                    ['  3.00', '  3.00', '  7.10', '196.35', '1114.75']
xpln2 1  *                  |                    ['  3.00', '  3.00', '  4.85', '462.85', '1055.65']
xpln1 1  *                  |                    ['  3.00', '  3.00', '  4.80', '506.20', '1048.85']
