
  0%|          | 0/50 [00:00<?, ?trial/s, best loss=?]
  2%|▏         | 1/50 [00:01<01:23,  1.71s/trial, best loss: -41.78]
  4%|▍         | 2/50 [00:02<01:09,  1.44s/trial, best loss: -41.78]
  6%|▌         | 3/50 [00:04<01:09,  1.48s/trial, best loss: -41.78]
  8%|▊         | 4/50 [00:06<01:12,  1.58s/trial, best loss: -41.78]
 10%|█         | 5/50 [00:07<01:06,  1.48s/trial, best loss: -41.78]
 12%|█▏        | 6/50 [00:08<01:00,  1.38s/trial, best loss: -41.78]
 14%|█▍        | 7/50 [00:10<00:58,  1.36s/trial, best loss: -41.78]
 16%|█▌        | 8/50 [00:11<00:54,  1.31s/trial, best loss: -41.78]
 18%|█▊        | 9/50 [00:12<00:57,  1.40s/trial, best loss: -41.78]
 20%|██        | 10/50 [00:14<00:54,  1.36s/trial, best loss: -41.78]
 22%|██▏       | 11/50 [00:15<00:51,  1.33s/trial, best loss: -41.78]
 24%|██▍       | 12/50 [00:17<00:55,  1.47s/trial, best loss: -41.78]
 26%|██▌       | 13/50 [00:19<01:01,  1.66s/trial, best loss: -41.78]
 28%|██▊       | 14/50 [00:20<00:58,  1.62s/trial, best loss: -41.78]
 30%|███       | 15/50 [00:22<00:52,  1.51s/trial, best loss: -41.78]
 32%|███▏      | 16/50 [00:23<00:49,  1.46s/trial, best loss: -41.78]
 34%|███▍      | 17/50 [00:24<00:47,  1.43s/trial, best loss: -41.78]
 36%|███▌      | 18/50 [00:25<00:41,  1.31s/trial, best loss: -41.78]
 38%|███▊      | 19/50 [00:26<00:35,  1.16s/trial, best loss: -41.78]
 40%|████      | 20/50 [00:27<00:32,  1.09s/trial, best loss: -41.78]
 42%|████▏     | 21/50 [00:28<00:33,  1.14s/trial, best loss: -41.78]
 44%|████▍     | 22/50 [00:29<00:31,  1.12s/trial, best loss: -67.73]
 46%|████▌     | 23/50 [00:31<00:31,  1.16s/trial, best loss: -67.73]
 48%|████▊     | 24/50 [00:32<00:36,  1.39s/trial, best loss: -67.73]
 50%|█████     | 25/50 [00:34<00:33,  1.35s/trial, best loss: -67.73]
 52%|█████▏    | 26/50 [00:35<00:34,  1.45s/trial, best loss: -67.73]
 54%|█████▍    | 27/50 [00:37<00:35,  1.56s/trial, best loss: -67.73]
 56%|█████▌    | 28/50 [00:39<00:34,  1.55s/trial, best loss: -67.73]
 58%|█████▊    | 29/50 [00:40<00:31,  1.50s/trial, best loss: -67.73]
 60%|██████    | 30/50 [00:41<00:26,  1.33s/trial, best loss: -67.73]
 62%|██████▏   | 31/50 [00:42<00:22,  1.19s/trial, best loss: -67.73]
 64%|██████▍   | 32/50 [00:43<00:20,  1.12s/trial, best loss: -67.73]
 66%|██████▌   | 33/50 [00:44<00:19,  1.17s/trial, best loss: -67.73]
 68%|██████▊   | 34/50 [00:45<00:19,  1.20s/trial, best loss: -67.73]
 70%|███████   | 35/50 [00:47<00:18,  1.26s/trial, best loss: -67.73]
 72%|███████▏  | 36/50 [00:49<00:20,  1.46s/trial, best loss: -67.73]
 74%|███████▍  | 37/50 [00:50<00:17,  1.34s/trial, best loss: -67.73]
 76%|███████▌  | 38/50 [00:52<00:18,  1.53s/trial, best loss: -67.73]
 78%|███████▊  | 39/50 [00:53<00:16,  1.53s/trial, best loss: -67.73]
 80%|████████  | 40/50 [00:55<00:15,  1.53s/trial, best loss: -67.73]
 82%|████████▏ | 41/50 [00:56<00:13,  1.55s/trial, best loss: -67.73]
 84%|████████▍ | 42/50 [00:59<00:14,  1.82s/trial, best loss: -67.73]
 86%|████████▌ | 43/50 [01:01<00:12,  1.75s/trial, best loss: -67.73]
 88%|████████▊ | 44/50 [01:02<00:10,  1.68s/trial, best loss: -67.73]
 90%|█████████ | 45/50 [01:03<00:07,  1.50s/trial, best loss: -67.73]
 92%|█████████▏| 46/50 [01:05<00:06,  1.66s/trial, best loss: -67.73]
 94%|█████████▍| 47/50 [01:07<00:04,  1.66s/trial, best loss: -67.73]
 96%|█████████▌| 48/50 [01:09<00:03,  1.77s/trial, best loss: -67.73]
 98%|█████████▊| 49/50 [01:10<00:01,  1.69s/trial, best loss: -67.73]
100%|██████████| 50/50 [01:12<00:00,  1.82s/trial, best loss: -67.73]
100%|██████████| 50/50 [01:12<00:00,  1.46s/trial, best loss: -67.73]

HPO Hyperopt Best Params: {'Far': 0.8, 'Halves': 12, 'Max': 1512, 'bins': 10, 'conf': 0.7, 'min': 0.95, 'p': 7.5, 'rest': 3}


                          MRE-    ACC+    PRED40+    Evals    Rank
----------------------  ------  ------  ---------  -------  ------
all                         75       7         25        0      50
sway1                    74.05     7.5         25        8      42
sway2 (hpo)               78.2    6.25         25       10      46
sway3 (kmeans)              72       8         25        7    2352
xpln1                       74    7.75         25        8      41
xpln2 (hpo & dtree)      77.65     6.3         25       10      46
xpln3 (kmeans & dtree)   73.15       8         25        7      39
top                         65      11         25    10000       1

                MRE-    ACC+    PRED40+
--------------  ------  ------  ---------
all to all      =       =       =
all to sway1    ≠       ≠       ≠
all to sway2    ≠       ≠       ≠
sway1 to sway2  ≠       ≠       ≠
sway1 to xpln1  ≠       ≠       ≠
sway2 to xpln2  ≠       ≠       ≠
sway3 to xpln3  ≠       ≠       ≠
sway1 to top    ≠       ≠       ≠
xpln1 to top    ≠       ≠       ≠


Kruskal-Wallis Statistical Evaluation on the above Algos
KW significance level:  0.05
            MRE-       ACC+       PRED40+
----------  ---------  ---------  ---------
Best Sways  ['sway3']  ['sway3']  ['sway1']
Best Xplns  ['xpln3']  ['xpln3']  ['xpln1']


ScottKnott Ranking
sway3 1  *                  |                    ['  8.00', '  8.00', ' 25.00', ' 25.00', ' 72.00']
xpln3 1  *                  |                    ['  8.00', '  8.00', ' 25.00', ' 25.00', ' 73.15']
xpln1 1  *                  |                    ['  7.75', '  7.75', ' 25.00', ' 25.00', ' 74.00']
sway1 1  *                  |                    ['  7.50', '  7.50', ' 25.00', ' 25.00', ' 74.05']
xpln2 1  *                  |                    ['  6.30', '  6.30', ' 25.00', ' 25.00', ' 77.65']
sway2 1  *                  |                    ['  6.25', '  6.25', ' 25.00', ' 25.00', ' 78.20']
