
  0%|          | 0/50 [00:00<?, ?trial/s, best loss=?]
  2%|▏         | 1/50 [00:01<01:14,  1.51s/trial, best loss: 83.33]
  4%|▍         | 2/50 [00:02<01:02,  1.30s/trial, best loss: 83.33]
  6%|▌         | 3/50 [00:04<01:09,  1.47s/trial, best loss: 83.33]
  8%|▊         | 4/50 [00:06<01:13,  1.61s/trial, best loss: -100.99]
 10%|█         | 5/50 [00:08<01:19,  1.76s/trial, best loss: -100.99]
 12%|█▏        | 6/50 [00:09<01:14,  1.69s/trial, best loss: -100.99]
 14%|█▍        | 7/50 [00:11<01:17,  1.80s/trial, best loss: -100.99]
 16%|█▌        | 8/50 [00:13<01:11,  1.70s/trial, best loss: -100.99]
 18%|█▊        | 9/50 [00:15<01:12,  1.77s/trial, best loss: -100.99]
 20%|██        | 10/50 [00:17<01:19,  1.98s/trial, best loss: -100.99]
 22%|██▏       | 11/50 [00:19<01:18,  2.00s/trial, best loss: -100.99]
 24%|██▍       | 12/50 [00:21<01:16,  2.01s/trial, best loss: -100.99]
 26%|██▌       | 13/50 [00:23<01:09,  1.87s/trial, best loss: -100.99]
 28%|██▊       | 14/50 [00:25<01:08,  1.91s/trial, best loss: -100.99]
 30%|███       | 15/50 [00:27<01:06,  1.91s/trial, best loss: -101.41]
 32%|███▏      | 16/50 [00:29<01:04,  1.90s/trial, best loss: -101.41]
 34%|███▍      | 17/50 [00:30<01:01,  1.88s/trial, best loss: -101.41]
 36%|███▌      | 18/50 [00:32<00:58,  1.82s/trial, best loss: -101.41]
 38%|███▊      | 19/50 [00:34<00:57,  1.87s/trial, best loss: -101.41]
 40%|████      | 20/50 [00:36<00:54,  1.81s/trial, best loss: -101.41]
 42%|████▏     | 21/50 [00:38<00:52,  1.81s/trial, best loss: -101.41]
 44%|████▍     | 22/50 [00:39<00:50,  1.79s/trial, best loss: -101.41]
 46%|████▌     | 23/50 [00:41<00:48,  1.79s/trial, best loss: -101.41]
 48%|████▊     | 24/50 [00:43<00:47,  1.83s/trial, best loss: -101.41]
 50%|█████     | 25/50 [00:44<00:42,  1.70s/trial, best loss: -101.41]
 52%|█████▏    | 26/50 [00:46<00:41,  1.72s/trial, best loss: -101.41]
 54%|█████▍    | 27/50 [00:49<00:44,  1.93s/trial, best loss: -101.41]
 56%|█████▌    | 28/50 [00:50<00:41,  1.89s/trial, best loss: -101.41]
 58%|█████▊    | 29/50 [00:52<00:36,  1.75s/trial, best loss: -101.41]
 60%|██████    | 30/50 [00:54<00:37,  1.87s/trial, best loss: -101.41]
 62%|██████▏   | 31/50 [00:55<00:33,  1.76s/trial, best loss: -101.41]
 64%|██████▍   | 32/50 [00:57<00:33,  1.84s/trial, best loss: -101.41]
 66%|██████▌   | 33/50 [00:59<00:32,  1.89s/trial, best loss: -101.41]
 68%|██████▊   | 34/50 [01:01<00:30,  1.91s/trial, best loss: -101.41]
 70%|███████   | 35/50 [01:03<00:28,  1.87s/trial, best loss: -101.41]
 72%|███████▏  | 36/50 [01:05<00:26,  1.86s/trial, best loss: -101.41]
 74%|███████▍  | 37/50 [01:07<00:22,  1.76s/trial, best loss: -101.41]
 76%|███████▌  | 38/50 [01:08<00:21,  1.79s/trial, best loss: -101.41]
 78%|███████▊  | 39/50 [01:10<00:18,  1.66s/trial, best loss: -101.41]
 80%|████████  | 40/50 [01:11<00:15,  1.57s/trial, best loss: -101.41]
 82%|████████▏ | 41/50 [01:13<00:14,  1.57s/trial, best loss: -101.41]
 84%|████████▍ | 42/50 [01:14<00:12,  1.55s/trial, best loss: -101.41]
 86%|████████▌ | 43/50 [01:17<00:12,  1.81s/trial, best loss: -101.41]
 88%|████████▊ | 44/50 [01:19<00:11,  1.87s/trial, best loss: -101.41]
 90%|█████████ | 45/50 [01:21<00:09,  1.99s/trial, best loss: -101.41]
 92%|█████████▏| 46/50 [01:23<00:07,  1.99s/trial, best loss: -101.41]
 94%|█████████▍| 47/50 [01:25<00:05,  1.91s/trial, best loss: -101.41]
 96%|█████████▌| 48/50 [01:27<00:04,  2.10s/trial, best loss: -101.41]
 98%|█████████▊| 49/50 [01:29<00:02,  2.02s/trial, best loss: -101.41]
100%|██████████| 50/50 [01:31<00:00,  2.00s/trial, best loss: -101.41]
100%|██████████| 50/50 [01:31<00:00,  1.83s/trial, best loss: -101.41]

HPO Hyperopt Best Params: {'Far': 0.9, 'Halves': 1512, 'Max': 512, 'bins': 7, 'conf': 0.6, 'min': 0.7, 'p': 4.5, 'rest': 9}


                          MRE-    ACC+    PRED40+    Evals    Rank
----------------------  ------  ------  ---------  -------  ------
all                        119     -12          0        0      50
sway1                     10.1       0      75.55        8      16
sway2 (hpo)               10.1       0       74.7       13      17
sway3 (kmeans)               0       0         83        6      12
xpln1                        0       0         83        8      16
xpln2 (hpo & dtree)          0       0         83       13      16
xpln3 (kmeans & dtree)       0       0         83        6      18
top                          0       0         83    10000       1

                MRE-    ACC+    PRED40+
--------------  ------  ------  ---------
all to all      =       =       =
all to sway1    ≠       ≠       ≠
all to sway2    ≠       ≠       ≠
sway1 to sway2  ≠       ≠       ≠
sway1 to xpln1  ≠       ≠       ≠
sway2 to xpln2  ≠       ≠       ≠
sway3 to xpln3  ≠       ≠       ≠
sway1 to top    ≠       ≠       ≠
xpln1 to top    ≠       ≠       ≠


Kruskal-Wallis Statistical Evaluation on the above Algos
KW significance level:  0.05
            MRE-       ACC+       PRED40+
----------  ---------  ---------  ---------
Best Sways  ['sway3']  ['sway1']  ['sway3']
Best Xplns  ['xpln1']  ['xpln1']  ['xpln1']


ScottKnott Ranking
sway3 1  *                  |                    ['  0.00', '  0.00', '  0.00', '  0.00', ' 79.00']
xpln1 1  *                  |                    ['  0.00', '  0.00', '  0.00', '  0.00', ' 83.00']
xpln2 1  *                  |                    ['  0.00', '  0.00', '  0.00', '  0.00', ' 83.00']
xpln3 1  *                  |                    ['  0.00', '  0.00', '  0.00', '  0.00', ' 83.00']
sway2 1  *                  |                    ['  0.00', '  0.00', ' 10.10', ' 10.10', ' 74.70']
sway1 1  *                  |                    ['  0.00', '  0.00', ' 10.10', ' 10.10', ' 75.55']
