
  0%|          | 0/50 [00:00<?, ?trial/s, best loss=?]
  6%|▌         | 3/50 [00:00<00:02, 22.11trial/s, best loss: -890.5]
 12%|█▏        | 6/50 [00:00<00:01, 22.62trial/s, best loss: -890.5]
 18%|█▊        | 9/50 [00:00<00:01, 22.81trial/s, best loss: -1001.4]
 24%|██▍       | 12/50 [00:00<00:01, 21.30trial/s, best loss: -1746.3]
 30%|███       | 15/50 [00:00<00:01, 20.99trial/s, best loss: -1746.3]
 36%|███▌      | 18/50 [00:00<00:01, 18.72trial/s, best loss: -1746.3]
 40%|████      | 20/50 [00:01<00:01, 17.98trial/s, best loss: -1746.3]
 44%|████▍     | 22/50 [00:01<00:01, 17.32trial/s, best loss: -1746.3]
 48%|████▊     | 24/50 [00:01<00:01, 16.73trial/s, best loss: -1746.3]
 52%|█████▏    | 26/50 [00:01<00:01, 15.32trial/s, best loss: -1746.3]
 56%|█████▌    | 28/50 [00:01<00:01, 15.39trial/s, best loss: -1746.3]
 60%|██████    | 30/50 [00:01<00:01, 15.82trial/s, best loss: -1746.3]
 66%|██████▌   | 33/50 [00:01<00:00, 17.78trial/s, best loss: -4083.4]
 72%|███████▏  | 36/50 [00:01<00:00, 18.67trial/s, best loss: -4083.4]
 76%|███████▌  | 38/50 [00:02<00:00, 18.51trial/s, best loss: -4083.4]
 80%|████████  | 40/50 [00:02<00:00, 15.63trial/s, best loss: -4083.4]
 84%|████████▍ | 42/50 [00:02<00:00, 15.02trial/s, best loss: -4083.4]
 88%|████████▊ | 44/50 [00:02<00:00, 14.76trial/s, best loss: -4736.5]
 92%|█████████▏| 46/50 [00:02<00:00, 15.01trial/s, best loss: -4736.5]
 96%|█████████▌| 48/50 [00:02<00:00, 14.94trial/s, best loss: -4736.5]
100%|██████████| 50/50 [00:02<00:00, 15.05trial/s, best loss: -4736.5]
100%|██████████| 50/50 [00:02<00:00, 17.02trial/s, best loss: -4736.5]

HPO Hyperopt Best Params: {'Far': 0.65, 'Halves': 2012, 'Max': 512, 'bins': 10, 'conf': 0.5, 'min': 0.9, 'p': 9.5, 'rest': 4}


                          Kloc+    Effort-    Defects-    Months-    Evals    Rank
----------------------  -------  ---------  ----------  ---------  -------  ------
all                          48        252        2007         21        0      48
sway1                     36.75     193.85      1372.8      18.35        5      37
sway2 (hpo)                34.1      181.7     1348.25       19.1        7      42
sway3 (kmeans)                6         24         188         10        7     221
xpln1                      37.1      234.9      1551.3      18.45        5      39
xpln2 (hpo & dtree)       40.35     198.85      1653.9      19.85        7      42
xpln3 (kmeans & dtree)     15.8       65.5      556.65       14.3        7      30
top                         4.6       13.1       127.9        8.3       93       2

                Kloc+    Effort-    Defects-    Months-
--------------  -------  ---------  ----------  ---------
all to all      =        =          =           =
all to sway1    ≠        ≠          ≠           ≠
all to sway2    ≠        ≠          ≠           ≠
sway1 to sway2  ≠        ≠          ≠           ≠
sway1 to xpln1  ≠        ≠          ≠           ≠
sway2 to xpln2  ≠        ≠          ≠           ≠
sway3 to xpln3  ≠        ≠          ≠           ≠
sway1 to top    ≠        ≠          ≠           ≠
xpln1 to top    ≠        ≠          ≠           ≠


Kruskal-Wallis Statistical Evaluation on the above Algos
KW significance level:  0.05
            Kloc+      Effort-    Defects-    Months-
----------  ---------  ---------  ----------  ---------
Best Sways  ['sway1']  ['sway3']  ['sway3']   ['sway3']
Best Xplns  ['xpln2']  ['xpln3']  ['xpln3']   ['xpln3']


ScottKnott Ranking
sway3 1  *                  |                    ['  6.00', '  6.00', '  9.00', ' 10.00', ' 24.00']
xpln3 1  *                  |                    [' 14.30', ' 14.30', ' 15.80', ' 25.70', ' 65.50']
sway2 1  *---               |                    [' 19.10', ' 19.10', ' 34.10', ' 46.45', '181.70']
sway1 1  *---               |                    ['  5.15', '  5.15', ' 18.35', ' 36.75', '193.85']
xpln2 1  *---               |                    [' 19.85', ' 19.85', ' 40.35', ' 48.20', '198.85']
xpln1 1  *----              |                    [' 14.30', ' 14.30', ' 18.45', ' 37.10', '234.90']
