Original Sway
all  {'Lbs-': 2800.0, 'Acc+': 15.5, 'Mpg+': 20.0, 'N': 398}
     {'Lbs-': 887.21, 'Acc+': 2.71, 'Mpg+': 7.75, 'N': 398}

best {'Lbs-': 1995.0, 'Acc+': 16.2, 'Mpg+': 40.0, 'N': 11}
     {'Lbs-': 93.02, 'Acc+': 1.47, 'Mpg+': 3.88, 'N': 11}

rest {'Lbs-': 2720.0, 'Acc+': 14.7, 'Mpg+': 20.0, 'N': 44}
     {'Lbs-': 978.29, 'Acc+': 2.91, 'Mpg+': 7.75, 'N': 44}

Sway with Reuse = False
all  {'Lbs-': 2800.0, 'Acc+': 15.5, 'Mpg+': 20.0, 'N': 398}
     {'Lbs-': 887.21, 'Acc+': 2.71, 'Mpg+': 7.75, 'N': 398}

best {'Lbs-': 2158.0, 'Acc+': 15.5, 'Mpg+': 30.0, 'N': 11}
     {'Lbs-': 307.36, 'Acc+': 2.13, 'Mpg+': 3.88, 'N': 11}

rest {'Lbs-': 2855.0, 'Acc+': 15.3, 'Mpg+': 20.0, 'N': 44}
     {'Lbs-': 846.51, 'Acc+': 2.56, 'Mpg+': 7.75, 'N': 44}

Sway with Halves increased to 1000
all  {'Lbs-': 2800.0, 'Acc+': 15.5, 'Mpg+': 20.0, 'N': 398}
     {'Lbs-': 887.21, 'Acc+': 2.71, 'Mpg+': 7.75, 'N': 398}

best {'Lbs-': 2395.0, 'Acc+': 16.9, 'Mpg+': 30.0, 'N': 13}
     {'Lbs-': 209.3, 'Acc+': 2.13, 'Mpg+': 3.88, 'N': 13}

rest {'Lbs-': 2870.0, 'Acc+': 15.9, 'Mpg+': 20.0, 'N': 52}
     {'Lbs-': 868.22, 'Acc+': 2.4, 'Mpg+': 7.75, 'N': 52}

Sway with min reduced to 0.2
all  {'Lbs-': 2800.0, 'Acc+': 15.5, 'Mpg+': 20.0, 'N': 398}
     {'Lbs-': 887.21, 'Acc+': 2.71, 'Mpg+': 7.75, 'N': 398}

best {'Lbs-': 1995.0, 'Acc+': 15.0, 'Mpg+': 40.0, 'N': 3}
     {'Lbs-': 93.02, 'Acc+': 0.66, 'Mpg+': 0.0, 'N': 3}

rest {'Lbs-': 3190.0, 'Acc+': 14.0, 'Mpg+': 20.0, 'N': 12}
     {'Lbs-': 943.8, 'Acc+': 4.65, 'Mpg+': 7.75, 'N': 12}